{
  "RSpec": {
    "coverage": {
      "/Users/saurabhbhatia/comix-mono/app/models/product.rb": [
        1,
        1,
        null,
        1,
        null
      ],
      "/Users/saurabhbhatia/comix-mono/app/models/concerns/sluggable.rb": [
        null,
        1,
        1,
        null,
        1,
        2,
        2,
        null,
        null,
        1,
        5,
        5,
        null,
        null,
        1,
        0,
        null,
        null,
        1,
        null,
        1,
        5,
        null,
        null
      ],
      "/Users/saurabhbhatia/comix-mono/app/models/role.rb": [
        null,
        1,
        1,
        1,
        1,
        1,
        null
      ],
      "/Users/saurabhbhatia/comix-mono/app/models/store.rb": [
        1,
        1,
        null,
        1,
        1,
        1,
        1,
        null
      ],
      "/Users/saurabhbhatia/comix-mono/app/models/user.rb": [
        0,
        0,
        null,
        null,
        0,
        0,
        null,
        0,
        0,
        0,
        0
      ]
    },
    "timestamp": 1537185745
  }
}
